#-----------------------------------------------------------
# Vivado v2016.2 (64-bit)
# SW Build 1577090 on Thu Jun  2 16:32:40 MDT 2016
# IP Build 1577682 on Fri Jun  3 12:00:54 MDT 2016
# Start of session at: Wed Oct 26 16:37:52 2016
# Process ID: 8004
# Current directory: C:/Users/IIIT/Desktop/abhay aman shadab/001Group/decoder4by1
# Command line: vivado.exe -gui_launcher_event rodinguilauncherevent4232 C:\Users\IIIT\Desktop\abhay aman shadab\001Group\decoder4by1\decoder4by1.xpr
# Log file: C:/Users/IIIT/Desktop/abhay aman shadab/001Group/decoder4by1/vivado.log
# Journal file: C:/Users/IIIT/Desktop/abhay aman shadab/001Group/decoder4by1\vivado.jou
#-----------------------------------------------------------
start_gui
open_project {C:/Users/IIIT/Desktop/abhay aman shadab/001Group/decoder4by1/decoder4by1.xpr}
Scanning sources...
Finished scanning sources
INFO: [IP_Flow 19-234] Refreshing IP repositories
INFO: [IP_Flow 19-1704] No user IP repositories specified
INFO: [IP_Flow 19-2313] Loaded Vivado IP repository 'C:/Xilinx/Vivado/2016.2/data/ip'.
update_compile_order -fileset sources_1
launch_simulation
INFO: [USF-XSim-27] Simulation object is 'sim_1'
INFO: [USF-XSim-37] Inspecting design source files for 'decodertest' in fileset 'sim_1'...
INFO: [USF-XSim-97] Finding global include files...
INFO: [USF-XSim-98] Fetching design files from 'sim_1'...
INFO: [USF-XSim-2] XSim::Compile design
INFO: [USF-XSim-61] Executing 'COMPILE and ANALYZE' step in 'C:/Users/IIIT/Desktop/abhay aman shadab/001Group/decoder4by1/decoder4by1.sim/sim_1/behav'
"xvlog -m64 --relax -prj decodertest_vlog.prj"
INFO: [VRFC 10-2263] Analyzing Verilog file "C:/Users/IIIT/Desktop/abhay aman shadab/001Group/decoder4by1/decoder4by1.srcs/sources_1/new/decoder2by4.v" into library xil_defaultlib
INFO: [VRFC 10-311] analyzing module decoder2by4
INFO: [VRFC 10-2263] Analyzing Verilog file "C:/Users/IIIT/Desktop/abhay aman shadab/001Group/decoder4by1/decoder4by1.srcs/sim_1/new/decodertest.v" into library xil_defaultlib
INFO: [VRFC 10-311] analyzing module decodertest
INFO: [VRFC 10-2263] Analyzing Verilog file "C:/Users/IIIT/Desktop/abhay aman shadab/001Group/decoder4by1/decoder4by1.sim/sim_1/behav/glbl.v" into library xil_defaultlib
INFO: [VRFC 10-311] analyzing module glbl
INFO: [USF-XSim-69] 'compile' step finished in '1' seconds
INFO: [USF-XSim-3] XSim::Elaborate design
INFO: [USF-XSim-61] Executing 'ELABORATE' step in 'C:/Users/IIIT/Desktop/abhay aman shadab/001Group/decoder4by1/decoder4by1.sim/sim_1/behav'
Vivado Simulator 2016.2
Copyright 1986-1999, 2001-2016 Xilinx, Inc. All Rights Reserved.
Running: C:/Xilinx/Vivado/2016.2/bin/unwrapped/win64.o/xelab.exe -wto dc85f484a7a04e92b7f981c2277da442 --debug typical --relax --mt 2 -L xil_defaultlib -L unisims_ver -L unimacro_ver -L secureip --snapshot decodertest_behav xil_defaultlib.decodertest xil_defaultlib.glbl -log elaborate.log 
Using 2 slave threads.
Starting static elaboration
Completed static elaboration
Starting simulation data flow analysis
Completed simulation data flow analysis
Time Resolution for simulation is 1ps
Compiling module xil_defaultlib.decoder2by4
Compiling module xil_defaultlib.decodertest
Compiling module xil_defaultlib.glbl
Built simulation snapshot decodertest_behav

****** Webtalk v2016.2 (64-bit)
  **** SW Build 1577090 on Thu Jun  2 16:32:40 MDT 2016
  **** IP Build 1577682 on Fri Jun  3 12:00:54 MDT 2016
    ** Copyright 1986-2016 Xilinx, Inc. All Rights Reserved.

source C:/Users/IIIT/Desktop/abhay -notrace
couldn't read file "C:/Users/IIIT/Desktop/abhay": permission denied
INFO: [Common 17-206] Exiting Webtalk at Wed Oct 26 16:39:03 2016...
INFO: [USF-XSim-69] 'elaborate' step finished in '1' seconds
INFO: [USF-XSim-4] XSim::Simulate design
INFO: [USF-XSim-61] Executing 'SIMULATE' step in 'C:/Users/IIIT/Desktop/abhay aman shadab/001Group/decoder4by1/decoder4by1.sim/sim_1/behav'
INFO: [USF-XSim-98] *** Running xsim
   with args "decodertest_behav -key {Behavioral:sim_1:Functional:decodertest} -tclbatch {decodertest.tcl} -log {simulate.log}"
INFO: [USF-XSim-8] Loading simulator feature
Vivado Simulator 2016.2
Time resolution is 1 ps
source decodertest.tcl
# set curr_wave [current_wave_config]
# if { [string length $curr_wave] == 0 } {
#   if { [llength [get_objects]] > 0} {
#     add_wave /
#     set_property needs_save false [current_wave_config]
#   } else {
#      send_msg_id Add_Wave-1 WARNING "No top level signals found. Simulator will start without a wave window. If you want to open a wave window go to 'File->New Waveform Configuration' or type 'create_wave_config' in the TCL console."
#   }
# }
# run 1000ns
INFO: [USF-XSim-96] XSim completed. Design snapshot 'decodertest_behav' loaded.
INFO: [USF-XSim-97] XSim simulation ran for 1000ns
