#-----------------------------------------------------------
# Vivado v2016.2 (64-bit)
# SW Build 1577090 on Thu Jun  2 16:32:40 MDT 2016
# IP Build 1577682 on Fri Jun  3 12:00:54 MDT 2016
# Start of session at: Wed Oct 26 16:54:47 2016
# Process ID: 4712
# Current directory: E:/001Group/mux41
# Command line: vivado.exe -gui_launcher_event rodinguilauncherevent120 E:\001Group\mux41\mux41.xpr
# Log file: E:/001Group/mux41/vivado.log
# Journal file: E:/001Group/mux41\vivado.jou
#-----------------------------------------------------------
start_gui
open_project E:/001Group/mux41/mux41.xpr
Scanning sources...
Finished scanning sources
INFO: [IP_Flow 19-234] Refreshing IP repositories
INFO: [IP_Flow 19-1704] No user IP repositories specified
INFO: [IP_Flow 19-2313] Loaded Vivado IP repository 'C:/Xilinx/Vivado/2016.2/data/ip'.
open_project: Time (s): cpu = 00:00:08 ; elapsed = 00:00:05 . Memory (MB): peak = 785.988 ; gain = 141.117
update_compile_order -fileset sources_1
launch_simulation
INFO: [USF-XSim-27] Simulation object is 'sim_1'
INFO: [USF-XSim-37] Inspecting design source files for 'MUX41test' in fileset 'sim_1'...
INFO: [USF-XSim-97] Finding global include files...
INFO: [USF-XSim-98] Fetching design files from 'sim_1'...
INFO: [USF-XSim-2] XSim::Compile design
INFO: [USF-XSim-61] Executing 'COMPILE and ANALYZE' step in 'E:/001Group/mux41/mux41.sim/sim_1/behav'
"xvlog -m64 --relax -prj MUX41test_vlog.prj"
INFO: [VRFC 10-2263] Analyzing Verilog file "E:/001Group/mux41/mux41.srcs/sources_1/new/MUX41.v" into library xil_defaultlib
INFO: [VRFC 10-311] analyzing module MUX41
INFO: [VRFC 10-2263] Analyzing Verilog file "E:/001Group/mux41/mux41.srcs/sim_1/new/MUX41test.v" into library xil_defaultlib
INFO: [VRFC 10-311] analyzing module MUX41test
INFO: [VRFC 10-2263] Analyzing Verilog file "E:/001Group/mux41/mux41.sim/sim_1/behav/glbl.v" into library xil_defaultlib
INFO: [VRFC 10-311] analyzing module glbl
INFO: [USF-XSim-69] 'compile' step finished in '1' seconds
INFO: [USF-XSim-3] XSim::Elaborate design
INFO: [USF-XSim-61] Executing 'ELABORATE' step in 'E:/001Group/mux41/mux41.sim/sim_1/behav'
Vivado Simulator 2016.2
Copyright 1986-1999, 2001-2016 Xilinx, Inc. All Rights Reserved.
Running: C:/Xilinx/Vivado/2016.2/bin/unwrapped/win64.o/xelab.exe -wto c995d25f1fcb4c05a00b0bfe66941622 --debug typical --relax --mt 2 -L xil_defaultlib -L unisims_ver -L unimacro_ver -L secureip --snapshot MUX41test_behav xil_defaultlib.MUX41test xil_defaultlib.glbl -log elaborate.log 
Using 2 slave threads.
Starting static elaboration
Completed static elaboration
Starting simulation data flow analysis
Completed simulation data flow analysis
Time Resolution for simulation is 1ps
Compiling module xil_defaultlib.MUX41
Compiling module xil_defaultlib.MUX41test
Compiling module xil_defaultlib.glbl
Built simulation snapshot MUX41test_behav

****** Webtalk v2016.2 (64-bit)
  **** SW Build 1577090 on Thu Jun  2 16:32:40 MDT 2016
  **** IP Build 1577682 on Fri Jun  3 12:00:54 MDT 2016
    ** Copyright 1986-2016 Xilinx, Inc. All Rights Reserved.

source E:/001Group/mux41/mux41.sim/sim_1/behav/xsim.dir/MUX41test_behav/webtalk/xsim_webtalk.tcl -notrace
INFO: [Common 17-206] Exiting Webtalk at Wed Oct 26 16:55:27 2016...
INFO: [USF-XSim-69] 'elaborate' step finished in '2' seconds
INFO: [USF-XSim-4] XSim::Simulate design
INFO: [USF-XSim-61] Executing 'SIMULATE' step in 'E:/001Group/mux41/mux41.sim/sim_1/behav'
INFO: [USF-XSim-98] *** Running xsim
   with args "MUX41test_behav -key {Behavioral:sim_1:Functional:MUX41test} -tclbatch {MUX41test.tcl} -view {E:/001Group/mux41/MUX41test_behav.wcfg} -log {simulate.log}"
INFO: [USF-XSim-8] Loading simulator feature
Vivado Simulator 2016.2
Time resolution is 1 ps
open_wave_config E:/001Group/mux41/MUX41test_behav.wcfg
source MUX41test.tcl
# set curr_wave [current_wave_config]
# if { [string length $curr_wave] == 0 } {
#   if { [llength [get_objects]] > 0} {
#     add_wave /
#     set_property needs_save false [current_wave_config]
#   } else {
#      send_msg_id Add_Wave-1 WARNING "No top level signals found. Simulator will start without a wave window. If you want to open a wave window go to 'File->New Waveform Configuration' or type 'create_wave_config' in the TCL console."
#   }
# }
# run 1000ns
INFO: [USF-XSim-96] XSim completed. Design snapshot 'MUX41test_behav' loaded.
INFO: [USF-XSim-97] XSim simulation ran for 1000ns
launch_simulation: Time (s): cpu = 00:00:03 ; elapsed = 00:00:06 . Memory (MB): peak = 798.438 ; gain = 0.000
close_sim
INFO: [Simtcl 6-16] Simulation closed
exit
INFO: [Common 17-206] Exiting Vivado at Wed Oct 26 16:56:50 2016...
