#-----------------------------------------------------------
# Vivado v2016.2 (64-bit)
# SW Build 1577090 on Thu Jun  2 16:32:40 MDT 2016
# IP Build 1577682 on Fri Jun  3 12:00:54 MDT 2016
# Start of session at: Wed Oct 26 16:52:27 2016
# Process ID: 2668
# Current directory: E:/001Group/mux41
# Command line: vivado.exe -gui_launcher_event rodinguilauncherevent3260 E:\001Group\mux41\mux41.xpr
# Log file: E:/001Group/mux41/vivado.log
# Journal file: E:/001Group/mux41\vivado.jou
#-----------------------------------------------------------
start_gui
open_project E:/001Group/mux41/mux41.xpr
INFO: [Project 1-313] Project file moved from 'C:/Users/IIIT/Desktop/abhay aman shadab/001Group/mux41' since last save.
Scanning sources...
Finished scanning sources
INFO: [IP_Flow 19-234] Refreshing IP repositories
INFO: [IP_Flow 19-1704] No user IP repositories specified
INFO: [IP_Flow 19-2313] Loaded Vivado IP repository 'C:/Xilinx/Vivado/2016.2/data/ip'.
open_project: Time (s): cpu = 00:00:08 ; elapsed = 00:00:06 . Memory (MB): peak = 800.531 ; gain = 160.316
update_compile_order -fileset sources_1
exit
INFO: [Common 17-206] Exiting Vivado at Wed Oct 26 16:52:58 2016...
