#-----------------------------------------------------------
# Vivado v2016.2 (64-bit)
# SW Build 1577090 on Thu Jun  2 16:32:40 MDT 2016
# IP Build 1577682 on Fri Jun  3 12:00:54 MDT 2016
# Start of session at: Wed Oct 19 17:01:38 2016
# Process ID: 6744
# Current directory: C:/Users/IIIT/Desktop/001Group/FA
# Command line: vivado.exe -gui_launcher_event rodinguilauncherevent5504 C:\Users\IIIT\Desktop\001Group\FA\FA.xpr
# Log file: C:/Users/IIIT/Desktop/001Group/FA/vivado.log
# Journal file: C:/Users/IIIT/Desktop/001Group/FA\vivado.jou
#-----------------------------------------------------------
start_gui
open_project C:/Users/IIIT/Desktop/001Group/FA/FA.xpr
Scanning sources...
Finished scanning sources
INFO: [IP_Flow 19-234] Refreshing IP repositories
INFO: [IP_Flow 19-1704] No user IP repositories specified
INFO: [IP_Flow 19-2313] Loaded Vivado IP repository 'C:/Xilinx/Vivado/2016.2/data/ip'.
update_compile_order -fileset sources_1
exit
INFO: [Common 17-206] Exiting Vivado at Wed Oct 19 17:03:11 2016...
